This file contains any messages produced by compilers while
running configure, to aid debugging if configure makes a mistake.

It was created by asio configure 1.18.0, which was
generated by GNU Autoconf 2.69.  Invocation command line was

  $ ./configure 

## --------- ##
## Platform. ##
## --------- ##

hostname = BLAIR-PC
uname -m = x86_64
uname -r = 3.1.6-340.x86_64
uname -s = MINGW64_NT-10.0-18362
uname -v = 2020-07-09 14:33 UTC

/usr/bin/uname -p = unknown
/bin/uname -X     = unknown

/bin/arch              = x86_64
/usr/bin/arch -k       = unknown
/usr/convex/getsysinfo = unknown
/usr/bin/hostinfo      = unknown
/bin/machine           = unknown
/usr/bin/oslevel       = unknown
/bin/universe          = unknown

PATH: /c/Users/blari/bin
PATH: /mingw64/bin
PATH: /usr/local/bin
PATH: /usr/bin
PATH: /bin
PATH: /mingw64/bin
PATH: /usr/bin
PATH: /c/Users/blari/bin
PATH: /c/Python38/Scripts
PATH: /c/Python38
PATH: /c/Program Files (x86)/Common Files/Oracle/Java/javapath
PATH: /c/Python37/Scripts
PATH: /c/Python37
PATH: /c/Program Files (x86)/Intel/Intel(R) Management Engine Components/iCLS
PATH: /c/Program Files/Intel/Intel(R) Management Engine Components/iCLS
PATH: /c/WINDOWS/system32
PATH: /c/WINDOWS
PATH: /c/WINDOWS/System32/Wbem
PATH: /c/WINDOWS/System32/WindowsPowerShell/v1.0
PATH: /c/Program Files (x86)/Windows Kits/8.1/Windows Performance Toolkit
PATH: /c/Program Files/dotnet
PATH: /c/Program Files/Microsoft SQL Server/Client SDK/ODBC/110/Tools/Binn
PATH: /c/Program Files (x86)/Microsoft SQL Server/120/Tools/Binn
PATH: /c/Program Files/Microsoft SQL Server/120/Tools/Binn
PATH: /c/Program Files/Microsoft SQL Server/120/DTS/Binn
PATH: /c/Program Files/PuTTY
PATH: /c/Program Files/LLVM/bin
PATH: /c/WINDOWS/System32/OpenSSH
PATH: /c/Program Files (x86)/Intel/Intel(R) Management Engine Components/DAL
PATH: /c/Program Files/Intel/Intel(R) Management Engine Components/DAL
PATH: /c/Program Files (x86)/Intel/Intel(R) Management Engine Components/IPT
PATH: /c/Program Files/Intel/Intel(R) Management Engine Components/IPT
PATH: /c/ProgramData/chocolatey/bin
PATH: /c/Program Files (x86)/NVIDIA Corporation/PhysX/Common
PATH: /c/WINDOWS/system32
PATH: /c/WINDOWS
PATH: /c/WINDOWS/System32/Wbem
PATH: /c/WINDOWS/System32/WindowsPowerShell/v1.0
PATH: /c/WINDOWS/System32/OpenSSH
PATH: /c/MinGW/bin
PATH: /c/Program Files (x86)/WinSCP
PATH: /c/Program Files (x86)/Windows Kits/10/Windows Performance Toolkit
PATH: /c/Program Files/nodejs
PATH: /c/Program Files/NVIDIA Corporation/NVIDIA NvDLISR
PATH: /e/Programming/Qt/5.12.9/mingw73_64/bin
PATH: /cmd
PATH: /c/MinGW/bin
PATH: /c/Users/blari/AppData/Local/Microsoft/WindowsApps
PATH: /c/Users/blari/AppData/Local/Microsoft/WindowsApps
PATH: /c/Program Files (x86)/FAHClient
PATH: /c/Program Files/JetBrains/IntelliJ IDEA 2019.3.4/bin
PATH: /c/Program Files/JetBrains/PhpStorm 2019.3.4/bin
PATH: /c/Program Files/JetBrains/DataGrip 2019.3.1/bin
PATH: /c/Users/blari/.PhpStorm2019.3/config/node/node-v12.13.1-win-x64/node_modules/npm/bin
PATH: /c/Users/blari/AppData/Roaming/npm
PATH: /c/Program Files/JetBrains/CLion 2020.1/bin
PATH: /c/Program Files/JetBrains/PyCharm 2020.1.1/bin
PATH: /c/Users/blari/AppData/Local/GitHubDesktop/bin
PATH: /usr/bin/vendor_perl
PATH: /usr/bin/core_perl


## ----------- ##
## Core tests. ##
## ----------- ##

configure:2124: checking whether to enable maintainer-specific portions of Makefiles
configure:2133: result: no
configure:2191: checking for a BSD-compatible install
configure:2259: result: /usr/bin/install -c
configure:2270: checking whether build environment is sane
configure:2325: result: yes
configure:2476: checking for a thread-safe mkdir -p
configure:2515: result: /usr/bin/mkdir -p
configure:2522: checking for gawk
configure:2538: found /usr/bin/gawk
configure:2549: result: gawk
configure:2560: checking whether make sets $(MAKE)
configure:2586: result: no
configure:2611: checking whether make supports nested variables
configure:2628: result: no
configure:2717: checking whether UID '197609' is supported by ustar format
configure:2720: result: yes
configure:2727: checking whether GID '197609' is supported by ustar format
configure:2730: result: yes
configure:2738: checking how to create a ustar tar archive
configure:2749: tar --version
tar (GNU tar) 1.32
Copyright (C) 2019 Free Software Foundation, Inc.
License GPLv3+: GNU GPL version 3 or later <https://gnu.org/licenses/gpl.html>.
This is free software: you are free to change and redistribute it.
There is NO WARRANTY, to the extent permitted by law.

Written by John Gilmore and Jay Fenlason.
configure:2752: $? = 0
configure:2792: tardir=conftest.dir && eval tar --format=ustar -chf - "$tardir" >conftest.tar
configure:2795: $? = 0
configure:2799: tar -xf - <conftest.tar
configure:2802: $? = 0
configure:2804: cat conftest.dir/file
GrepMe
configure:2807: $? = 0
configure:2820: result: gnutar
configure:2875: checking build system type
configure:2889: result: x86_64-pc-mingw64
configure:2909: checking host system type
configure:2922: result: x86_64-pc-mingw64
configure:2946: checking whether make supports the include directive
configure:2961: make -f confmf.GNU && cat confinc.out
./configure: line 2962: make: command not found
configure:2964: $? = 127
configure:2961: make -f confmf.BSD && cat confinc.out
./configure: line 2962: make: command not found
configure:2964: $? = 127
configure:2983: result: no
configure:3053: checking for gcc
configure:3069: found /c/MinGW/bin/gcc
configure:3080: result: gcc
configure:3309: checking for C compiler version
configure:3318: gcc --version >&5
gcc.exe (MinGW.org GCC Build-20200227-1) 9.2.0
Copyright (C) 2019 Free Software Foundation, Inc.
This is free software; see the source for copying conditions.  There is NO
warranty; not even for MERCHANTABILITY or FITNESS FOR A PARTICULAR PURPOSE.

configure:3329: $? = 0
configure:3318: gcc -v >&5
Using built-in specs.
COLLECT_GCC=C:\MinGW\bin\gcc.exe
COLLECT_LTO_WRAPPER=c:/mingw/bin/../libexec/gcc/mingw32/9.2.0/lto-wrapper.exe
Target: mingw32
Configured with: ../src/gcc-9.2.0/configure --build=x86_64-pc-linux-gnu --host=mingw32 --target=mingw32 --disable-win32-registry --with-arch=i586 --with-tune=generic --enable-static --enable-shared --enable-threads --enable-languages=c,c++,objc,obj-c++,fortran,ada --with-dwarf2 --disable-sjlj-exceptions --enable-version-specific-runtime-libs --enable-libgomp --disable-libvtv --with-libiconv-prefix=/mingw --with-libintl-prefix=/mingw --enable-libstdcxx-debug --disable-build-format-warnings --prefix=/mingw --with-gmp=/mingw --with-mpfr=/mingw --with-mpc=/mingw --with-isl=/mingw --enable-nls --with-pkgversion='MinGW.org GCC Build-20200227-1'
Thread model: win32
gcc version 9.2.0 (MinGW.org GCC Build-20200227-1) 
configure:3329: $? = 0
configure:3318: gcc -V >&5
gcc.exe: error: unrecognized command line option '-V'
gcc.exe: fatal error: no input files
compilation terminated.
configure:3329: $? = 1
configure:3318: gcc -qversion >&5
gcc.exe: error: unrecognized command line option '-qversion'; did you mean '--version'?
gcc.exe: fatal error: no input files
compilation terminated.
configure:3329: $? = 1
configure:3349: checking whether the C compiler works
configure:3371: gcc    conftest.c  >&5
configure:3375: $? = 1
configure:3413: result: no
configure: failed program was:
| /* confdefs.h */
| #define PACKAGE_NAME "asio"
| #define PACKAGE_TARNAME "asio"
| #define PACKAGE_VERSION "1.18.0"
| #define PACKAGE_STRING "asio 1.18.0"
| #define PACKAGE_BUGREPORT ""
| #define PACKAGE_URL ""
| #define PACKAGE "asio"
| #define VERSION "1.18.0"
| /* end confdefs.h.  */
| 
| int
| main ()
| {
| 
|   ;
|   return 0;
| }
configure:3418: error: in `/e/Programming/Projects/SampleProj/asio-1.18.0':
configure:3420: error: C compiler cannot create executables
See `config.log' for more details

## ---------------- ##
## Cache variables. ##
## ---------------- ##

ac_cv_build=x86_64-pc-mingw64
ac_cv_env_CCC_set=
ac_cv_env_CCC_value=
ac_cv_env_CC_set=
ac_cv_env_CC_value=
ac_cv_env_CFLAGS_set=
ac_cv_env_CFLAGS_value=
ac_cv_env_CPPFLAGS_set=
ac_cv_env_CPPFLAGS_value=
ac_cv_env_CXXCPP_set=
ac_cv_env_CXXCPP_value=
ac_cv_env_CXXFLAGS_set=
ac_cv_env_CXXFLAGS_value=
ac_cv_env_CXX_set=
ac_cv_env_CXX_value=
ac_cv_env_LDFLAGS_set=
ac_cv_env_LDFLAGS_value=
ac_cv_env_LIBS_set=
ac_cv_env_LIBS_value=
ac_cv_env_build_alias_set=
ac_cv_env_build_alias_value=
ac_cv_env_host_alias_set=
ac_cv_env_host_alias_value=
ac_cv_env_target_alias_set=
ac_cv_env_target_alias_value=
ac_cv_host=x86_64-pc-mingw64
ac_cv_path_install='/usr/bin/install -c'
ac_cv_path_mkdir=/usr/bin/mkdir
ac_cv_prog_AWK=gawk
ac_cv_prog_ac_ct_CC=gcc
ac_cv_prog_make_make_set=no
am_cv_make_support_nested_variables=no
am_cv_prog_tar_ustar=gnutar

## ----------------- ##
## Output variables. ##
## ----------------- ##

ACLOCAL='${SHELL} /e/Programming/Projects/SampleProj/asio-1.18.0/missing aclocal-1.16'
AMDEPBACKSLASH='\'
AMDEP_FALSE='#'
AMDEP_TRUE=''
AMTAR='$${TAR-tar}'
AM_BACKSLASH='\'
AM_DEFAULT_V='1'
AM_DEFAULT_VERBOSITY='1'
AM_V='1'
AUTOCONF='${SHELL} /e/Programming/Projects/SampleProj/asio-1.18.0/missing autoconf'
AUTOHEADER='${SHELL} /e/Programming/Projects/SampleProj/asio-1.18.0/missing autoheader'
AUTOMAKE='${SHELL} /e/Programming/Projects/SampleProj/asio-1.18.0/missing automake-1.16'
AWK='gawk'
CC='gcc'
CCDEPMODE=''
CFLAGS=''
CPPFLAGS=''
CXX=''
CXXCPP=''
CXXDEPMODE=''
CXXFLAGS=''
CYGPATH_W='cygpath -w'
DEFS=''
DEPDIR='.deps'
ECHO_C=''
ECHO_N='-n'
ECHO_T=''
EGREP=''
EXEEXT=''
GREP=''
HAVE_BOOST_COROUTINE_FALSE=''
HAVE_BOOST_COROUTINE_TRUE=''
HAVE_COROUTINES_FALSE=''
HAVE_COROUTINES_TRUE=''
HAVE_CXX11_FALSE=''
HAVE_CXX11_TRUE=''
HAVE_CXX14_FALSE=''
HAVE_CXX14_TRUE=''
HAVE_CXX17_FALSE=''
HAVE_CXX17_TRUE=''
HAVE_OPENSSL_FALSE=''
HAVE_OPENSSL_TRUE=''
INSTALL_DATA='${INSTALL} -m 644'
INSTALL_PROGRAM='${INSTALL}'
INSTALL_SCRIPT='${INSTALL}'
INSTALL_STRIP_PROGRAM='$(install_sh) -c -s'
LDFLAGS=''
LIBOBJS=''
LIBS=''
LTLIBOBJS=''
MAINT='#'
MAINTAINER_MODE_FALSE=''
MAINTAINER_MODE_TRUE='#'
MAKEINFO='${SHELL} /e/Programming/Projects/SampleProj/asio-1.18.0/missing makeinfo'
MKDIR_P='/usr/bin/mkdir -p'
OBJEXT=''
PACKAGE='asio'
PACKAGE_BUGREPORT=''
PACKAGE_NAME='asio'
PACKAGE_STRING='asio 1.18.0'
PACKAGE_TARNAME='asio'
PACKAGE_URL=''
PACKAGE_VERSION='1.18.0'
PATH_SEPARATOR=':'
RANLIB=''
SEPARATE_COMPILATION_FALSE=''
SEPARATE_COMPILATION_TRUE=''
SET_MAKE='MAKE=make'
SHELL='/bin/sh'
STANDALONE_FALSE=''
STANDALONE_TRUE=''
STRIP=''
VERSION='1.18.0'
WINDOWS_TARGET_FALSE=''
WINDOWS_TARGET_TRUE=''
ac_ct_CC='gcc'
ac_ct_CXX=''
am__EXEEXT_FALSE=''
am__EXEEXT_TRUE=''
am__fastdepCC_FALSE=''
am__fastdepCC_TRUE=''
am__fastdepCXX_FALSE=''
am__fastdepCXX_TRUE=''
am__include='#'
am__isrc=''
am__leading_dot='.'
am__nodep='_no'
am__quote=''
am__tar='tar --format=ustar -chf - "$$tardir"'
am__untar='tar -xf -'
bindir='${exec_prefix}/bin'
build='x86_64-pc-mingw64'
build_alias=''
build_cpu='x86_64'
build_os='mingw64'
build_vendor='pc'
datadir='${datarootdir}'
datarootdir='${prefix}/share'
docdir='${datarootdir}/doc/${PACKAGE_TARNAME}'
dvidir='${docdir}'
exec_prefix='NONE'
host='x86_64-pc-mingw64'
host_alias=''
host_cpu='x86_64'
host_os='mingw64'
host_vendor='pc'
htmldir='${docdir}'
includedir='${prefix}/include'
infodir='${datarootdir}/info'
install_sh='${SHELL} /e/Programming/Projects/SampleProj/asio-1.18.0/install-sh'
libdir='${exec_prefix}/lib'
libexecdir='${exec_prefix}/libexec'
localedir='${datarootdir}/locale'
localstatedir='${prefix}/var'
mandir='${datarootdir}/man'
mkdir_p='$(MKDIR_P)'
oldincludedir='/usr/include'
pdfdir='${docdir}'
prefix='NONE'
program_transform_name='s,x,x,'
psdir='${docdir}'
sbindir='${exec_prefix}/sbin'
sharedstatedir='${prefix}/com'
sysconfdir='${prefix}/etc'
target_alias=''

## ----------- ##
## confdefs.h. ##
## ----------- ##

/* confdefs.h */
#define PACKAGE_NAME "asio"
#define PACKAGE_TARNAME "asio"
#define PACKAGE_VERSION "1.18.0"
#define PACKAGE_STRING "asio 1.18.0"
#define PACKAGE_BUGREPORT ""
#define PACKAGE_URL ""
#define PACKAGE "asio"
#define VERSION "1.18.0"

configure: exit 77
